<?xml version="1.0" encoding="UTF-8"?>
<testsuite name="org.libreplan.business.test.planner.entities.StretchesFunctionTest" time="0.009" tests="25" errors="0" skipped="0" failures="0">
  <properties>
    <property name="java.runtime.name" value="Java(TM) SE Runtime Environment"/>
    <property name="sun.boot.library.path" value="/usr/java/jdk1.8.0_05/jre/lib/amd64"/>
    <property name="java.vm.version" value="25.5-b02"/>
    <property name="java.vm.vendor" value="Oracle Corporation"/>
    <property name="java.vendor.url" value="http://java.oracle.com/"/>
    <property name="path.separator" value=":"/>
    <property name="guice.disable.misplaced.annotation.check" value="true"/>
    <property name="java.vm.name" value="Java HotSpot(TM) 64-Bit Server VM"/>
    <property name="file.encoding.pkg" value="sun.io"/>
    <property name="user.country" value="BR"/>
    <property name="sun.java.launcher" value="SUN_STANDARD"/>
    <property name="sun.os.patch.level" value="unknown"/>
    <property name="java.vm.specification.name" value="Java Virtual Machine Specification"/>
    <property name="user.dir" value="/home/gcordeiro/Freelancer/libreplan"/>
    <property name="java.runtime.version" value="1.8.0_05-b13"/>
    <property name="java.awt.graphicsenv" value="sun.awt.X11GraphicsEnvironment"/>
    <property name="java.endorsed.dirs" value="/usr/java/jdk1.8.0_05/jre/lib/endorsed"/>
    <property name="os.arch" value="amd64"/>
    <property name="java.io.tmpdir" value="/tmp"/>
    <property name="line.separator" value="&#10;"/>
    <property name="java.vm.specification.vendor" value="Oracle Corporation"/>
    <property name="os.name" value="Linux"/>
    <property name="classworlds.conf" value="/usr/share/maven/bin/m2.conf"/>
    <property name="sun.jnu.encoding" value="UTF-8"/>
    <property name="java.library.path" value="/usr/java/packages/lib/amd64:/usr/lib64:/lib64:/lib:/usr/lib"/>
    <property name="java.specification.name" value="Java Platform API Specification"/>
    <property name="java.class.version" value="52.0"/>
    <property name="sun.management.compiler" value="HotSpot 64-Bit Tiered Compilers"/>
    <property name="os.version" value="3.19.3-200.fc21.x86_64"/>
    <property name="user.home" value="/home/gcordeiro"/>
    <property name="user.timezone" value="America/Sao_Paulo"/>
    <property name="java.awt.printerjob" value="sun.print.PSPrinterJob"/>
    <property name="file.encoding" value="UTF-8"/>
    <property name="java.specification.version" value="1.8"/>
    <property name="user.name" value="gcordeiro"/>
    <property name="java.class.path" value="/usr/share/maven/boot/plexus-classworlds.jar"/>
    <property name="org.slf4j.simpleLogger.defaultLogLevel" value="info"/>
    <property name="java.vm.specification.version" value="1.8"/>
    <property name="sun.arch.data.model" value="64"/>
    <property name="java.home" value="/usr/java/jdk1.8.0_05/jre"/>
    <property name="sun.java.command" value="org.codehaus.plexus.classworlds.launcher.Launcher clean install"/>
    <property name="java.specification.vendor" value="Oracle Corporation"/>
    <property name="user.language" value="pt"/>
    <property name="awt.toolkit" value="sun.awt.X11.XToolkit"/>
    <property name="java.vm.info" value="mixed mode"/>
    <property name="java.version" value="1.8.0_05"/>
    <property name="java.ext.dirs" value="/usr/java/jdk1.8.0_05/jre/lib/ext:/usr/java/packages/lib/ext"/>
    <property name="sun.boot.class.path" value="/usr/java/jdk1.8.0_05/jre/lib/resources.jar:/usr/java/jdk1.8.0_05/jre/lib/rt.jar:/usr/java/jdk1.8.0_05/jre/lib/sunrsasign.jar:/usr/java/jdk1.8.0_05/jre/lib/jsse.jar:/usr/java/jdk1.8.0_05/jre/lib/jce.jar:/usr/java/jdk1.8.0_05/jre/lib/charsets.jar:/usr/java/jdk1.8.0_05/jre/lib/jfr.jar:/usr/java/jdk1.8.0_05/jre/classes"/>
    <property name="java.vendor" value="Oracle Corporation"/>
    <property name="maven.home" value="/usr/share/maven"/>
    <property name="file.separator" value="/"/>
    <property name="java.vendor.url.bug" value="http://bugreport.sun.com/bugreport/"/>
    <property name="sun.cpu.endian" value="little"/>
    <property name="sun.io.unicode.encoding" value="UnicodeLittle"/>
    <property name="sun.desktop" value="gnome"/>
    <property name="sun.cpu.isalist" value=""/>
  </properties>
  <testcase name="ifTheIntervalStartIsNotNullReturnsItsStartDate" classname="org.libreplan.business.test.planner.entities.StretchesFunctionTest" time="0.001"/>
  <testcase name="ifTheIntervalEndIsNotNullReturnsItsEndDate" classname="org.libreplan.business.test.planner.entities.StretchesFunctionTest" time="0"/>
  <testcase name="oneStrechImpliesThreeInterval" classname="org.libreplan.business.test.planner.entities.StretchesFunctionTest" time="0.003"/>
  <testcase name="theLastStrechMustHaveAllTheLoad" classname="org.libreplan.business.test.planner.entities.StretchesFunctionTest" time="0"/>
  <testcase name="endDateCannotBeNull" classname="org.libreplan.business.test.planner.entities.StretchesFunctionTest" time="0.001"/>
  <testcase name="stretchesFunctionCheckStretchesOrder1" classname="org.libreplan.business.test.planner.entities.StretchesFunctionTest" time="0"/>
  <testcase name="stretchesFunctionCheckStretchesOrder2" classname="org.libreplan.business.test.planner.entities.StretchesFunctionTest" time="0"/>
  <testcase name="stretchesFunctionCheckStretchesOrder3" classname="org.libreplan.business.test.planner.entities.StretchesFunctionTest" time="0"/>
  <testcase name="stretchesFunctionCheckStretchesOrder4" classname="org.libreplan.business.test.planner.entities.StretchesFunctionTest" time="0"/>
  <testcase name="stretchesFunctionCheckStretchesOrder5" classname="org.libreplan.business.test.planner.entities.StretchesFunctionTest" time="0"/>
  <testcase name="stretchesFunctionCheckStretchesOrder6" classname="org.libreplan.business.test.planner.entities.StretchesFunctionTest" time="0"/>
  <testcase name="stretchesFunctionCheckStretchesOrder7" classname="org.libreplan.business.test.planner.entities.StretchesFunctionTest" time="0"/>
  <testcase name="stretchesFunctionCheckStretchesOrder8" classname="org.libreplan.business.test.planner.entities.StretchesFunctionTest" time="0"/>
  <testcase name="stretchesFunctionCheckStretchesOrder9" classname="org.libreplan.business.test.planner.entities.StretchesFunctionTest" time="0"/>
  <testcase name="stretchesFunctionCheckOneHundredPercent1" classname="org.libreplan.business.test.planner.entities.StretchesFunctionTest" time="0"/>
  <testcase name="stretchesFunctionCheckOneHundredPercent2" classname="org.libreplan.business.test.planner.entities.StretchesFunctionTest" time="0.001"/>
  <testcase name="theLastIntervalHasStart" classname="org.libreplan.business.test.planner.entities.StretchesFunctionTest" time="0"/>
  <testcase name="checkCalculatedDateForStretches" classname="org.libreplan.business.test.planner.entities.StretchesFunctionTest" time="0"/>
  <testcase name="ifTheIntervalStartIsNullReturnsThePassedStartDate" classname="org.libreplan.business.test.planner.entities.StretchesFunctionTest" time="0"/>
  <testcase name="oneStrechImpliesOneIntervalUntilDateWithLoadSpecifiedByStrech" classname="org.libreplan.business.test.planner.entities.StretchesFunctionTest" time="0"/>
  <testcase name="aIntervalInTheMiddleHasStart" classname="org.libreplan.business.test.planner.entities.StretchesFunctionTest" time="0.001"/>
  <testcase name="eachIntervalHasTheCorrespondingLoadForThatInterval" classname="org.libreplan.business.test.planner.entities.StretchesFunctionTest" time="0.002"/>
  <testcase name="ifNoStrechesNoIntervalDefinedByStreches" classname="org.libreplan.business.test.planner.entities.StretchesFunctionTest" time="0"/>
  <testcase name="stretchesFunctionCheckNoEmpty1" classname="org.libreplan.business.test.planner.entities.StretchesFunctionTest" time="0"/>
  <testcase name="stretchesFunctionCheckNoEmpty2" classname="org.libreplan.business.test.planner.entities.StretchesFunctionTest" time="0"/>
</testsuite>