<?xml version="1.0" encoding="UTF-8"?>
<testsuite name="org.libreplan.web.orders.OrderElementTreeModelTest" time="9.203" tests="37" errors="0" skipped="0" failures="0">
  <properties>
    <property name="java.runtime.name" value="Java(TM) SE Runtime Environment"/>
    <property name="sun.boot.library.path" value="/usr/java/jdk1.8.0_05/jre/lib/amd64"/>
    <property name="java.vm.version" value="25.5-b02"/>
    <property name="java.vm.vendor" value="Oracle Corporation"/>
    <property name="java.vendor.url" value="http://java.oracle.com/"/>
    <property name="path.separator" value=":"/>
    <property name="guice.disable.misplaced.annotation.check" value="true"/>
    <property name="java.vm.name" value="Java HotSpot(TM) 64-Bit Server VM"/>
    <property name="file.encoding.pkg" value="sun.io"/>
    <property name="user.country" value="BR"/>
    <property name="sun.java.launcher" value="SUN_STANDARD"/>
    <property name="sun.os.patch.level" value="unknown"/>
    <property name="java.vm.specification.name" value="Java Virtual Machine Specification"/>
    <property name="user.dir" value="/home/gcordeiro/Freelancer/libreplan"/>
    <property name="java.runtime.version" value="1.8.0_05-b13"/>
    <property name="java.awt.graphicsenv" value="sun.awt.X11GraphicsEnvironment"/>
    <property name="java.endorsed.dirs" value="/usr/java/jdk1.8.0_05/jre/lib/endorsed"/>
    <property name="os.arch" value="amd64"/>
    <property name="java.io.tmpdir" value="/tmp"/>
    <property name="line.separator" value="&#10;"/>
    <property name="java.vm.specification.vendor" value="Oracle Corporation"/>
    <property name="os.name" value="Linux"/>
    <property name="classworlds.conf" value="/usr/share/maven/bin/m2.conf"/>
    <property name="sun.jnu.encoding" value="UTF-8"/>
    <property name="java.library.path" value="/usr/java/packages/lib/amd64:/usr/lib64:/lib64:/lib:/usr/lib"/>
    <property name="java.specification.name" value="Java Platform API Specification"/>
    <property name="java.class.version" value="52.0"/>
    <property name="sun.management.compiler" value="HotSpot 64-Bit Tiered Compilers"/>
    <property name="os.version" value="3.19.3-200.fc21.x86_64"/>
    <property name="user.home" value="/home/gcordeiro"/>
    <property name="user.timezone" value="America/Sao_Paulo"/>
    <property name="java.awt.printerjob" value="sun.print.PSPrinterJob"/>
    <property name="file.encoding" value="UTF-8"/>
    <property name="java.specification.version" value="1.8"/>
    <property name="user.name" value="gcordeiro"/>
    <property name="java.class.path" value="/usr/share/maven/boot/plexus-classworlds.jar"/>
    <property name="org.slf4j.simpleLogger.defaultLogLevel" value="info"/>
    <property name="java.vm.specification.version" value="1.8"/>
    <property name="sun.arch.data.model" value="64"/>
    <property name="java.home" value="/usr/java/jdk1.8.0_05/jre"/>
    <property name="sun.java.command" value="org.codehaus.plexus.classworlds.launcher.Launcher clean install"/>
    <property name="java.specification.vendor" value="Oracle Corporation"/>
    <property name="user.language" value="pt"/>
    <property name="awt.toolkit" value="sun.awt.X11.XToolkit"/>
    <property name="java.vm.info" value="mixed mode"/>
    <property name="java.version" value="1.8.0_05"/>
    <property name="java.ext.dirs" value="/usr/java/jdk1.8.0_05/jre/lib/ext:/usr/java/packages/lib/ext"/>
    <property name="sun.boot.class.path" value="/usr/java/jdk1.8.0_05/jre/lib/resources.jar:/usr/java/jdk1.8.0_05/jre/lib/rt.jar:/usr/java/jdk1.8.0_05/jre/lib/sunrsasign.jar:/usr/java/jdk1.8.0_05/jre/lib/jsse.jar:/usr/java/jdk1.8.0_05/jre/lib/jce.jar:/usr/java/jdk1.8.0_05/jre/lib/charsets.jar:/usr/java/jdk1.8.0_05/jre/lib/jfr.jar:/usr/java/jdk1.8.0_05/jre/classes"/>
    <property name="java.vendor" value="Oracle Corporation"/>
    <property name="maven.home" value="/usr/share/maven"/>
    <property name="file.separator" value="/"/>
    <property name="java.vendor.url.bug" value="http://bugreport.sun.com/bugreport/"/>
    <property name="sun.cpu.endian" value="little"/>
    <property name="sun.io.unicode.encoding" value="UnicodeLittle"/>
    <property name="sun.font.fontmanager" value="sun.awt.X11FontManager"/>
    <property name="sun.desktop" value="gnome"/>
    <property name="sun.cpu.isalist" value=""/>
  </properties>
  <testcase name="checkMoveOrderLineGroupWithAdvanceOnChildToOrderLineInGroupWithSameAdvance" classname="org.libreplan.web.orders.OrderElementTreeModelTest" time="0.458"/>
  <testcase name="checkAddAdvanceOnParent" classname="org.libreplan.web.orders.OrderElementTreeModelTest" time="0.275"/>
  <testcase name="checkMoveOrderLineWithCriteriaAndAdvancesToOrderLineGroupWithCriteriaAndAdvances" classname="org.libreplan.web.orders.OrderElementTreeModelTest" time="0.31"/>
  <testcase name="checkMoveOrderLineGroupWithLabelOnChildToOrderLineGroupWithSameLabel" classname="org.libreplan.web.orders.OrderElementTreeModelTest" time="0.279"/>
  <testcase name="checkIndentOrderLineWithCriteriaAndAdvances" classname="org.libreplan.web.orders.OrderElementTreeModelTest" time="0.757"/>
  <testcase name="checkMoveOrderLineWithCriterionToOrderLineGroupWithSameCriterion" classname="org.libreplan.web.orders.OrderElementTreeModelTest" time="0.322"/>
  <testcase name="checkAddAssignmentOnChild" classname="org.libreplan.web.orders.OrderElementTreeModelTest" time="0.302"/>
  <testcase name="checkIndentOnOrderLineGroupWithCriteriaAndAdvances" classname="org.libreplan.web.orders.OrderElementTreeModelTest" time="0.313"/>
  <testcase name="checkMoveOrderLineGroupWithAdvanceOnChildToOrderLineGroupWithSameAdvance" classname="org.libreplan.web.orders.OrderElementTreeModelTest" time="0.274"/>
  <testcase name="checkIndentOnOrderLineWithCriteriaAndAdvances" classname="org.libreplan.web.orders.OrderElementTreeModelTest" time="0.248"/>
  <testcase name="checkMoveOrderGroupLineWithLabelToOrderLineInGroupWithSameLabel" classname="org.libreplan.web.orders.OrderElementTreeModelTest" time="0.208"/>
  <testcase name="checkMoveOrderLineWithAdvanceToOrderLineGroupWithSameAdvanceType" classname="org.libreplan.web.orders.OrderElementTreeModelTest" time="0.209"/>
  <testcase name="checkAddElementOnOrderLineWithCriteriaAndAdvances" classname="org.libreplan.web.orders.OrderElementTreeModelTest" time="0.229"/>
  <testcase name="checkMoveOrderLineWithCriteriaAndAdvancesToOrderLineWithCriteriaAndAdvances" classname="org.libreplan.web.orders.OrderElementTreeModelTest" time="0.27"/>
  <testcase name="checkMoveOrderGroupLineWithLabelToOrderLineGroupWithSameLabel" classname="org.libreplan.web.orders.OrderElementTreeModelTest" time="0.22"/>
  <testcase name="checkRemoveElementWithCriteriaAndAdvancesOnChild" classname="org.libreplan.web.orders.OrderElementTreeModelTest" time="0.197"/>
  <testcase name="checkMoveOrderGroupLineWithCriterionToOrderLineInGroupWithSameCriterion" classname="org.libreplan.web.orders.OrderElementTreeModelTest" time="0.186"/>
  <testcase name="checkRemoveElementWithAdvanceOnChildWhichSpread" classname="org.libreplan.web.orders.OrderElementTreeModelTest" time="0.161"/>
  <testcase name="checkMoveOrderLineWithLabelToOrderLineGroupWithSameLabel" classname="org.libreplan.web.orders.OrderElementTreeModelTest" time="0.17"/>
  <testcase name="checkAddElementWithCriteriaAndAdvancesOnParent" classname="org.libreplan.web.orders.OrderElementTreeModelTest" time="0.218"/>
  <testcase name="checkRemoveElementWithCriteriaAndAdvancesOnParent" classname="org.libreplan.web.orders.OrderElementTreeModelTest" time="0.301"/>
  <testcase name="checkPreservationOfInvalidatedIndirectCriterionRequirementInToLeaf" classname="org.libreplan.web.orders.OrderElementTreeModelTest" time="0.263"/>
  <testcase name="checkRemoveElementOnOnlyOrderLineWithCriteriaAndAdvances" classname="org.libreplan.web.orders.OrderElementTreeModelTest" time="0.336"/>
  <testcase name="checkMoveOrderLineGroupWithCriterionOnChildToOrderLineInGroupWithSameCriterion" classname="org.libreplan.web.orders.OrderElementTreeModelTest" time="0.267"/>
  <testcase name="checkAddElementOnOrderLineGroupWithCriteriaAndAdvances" classname="org.libreplan.web.orders.OrderElementTreeModelTest" time="0.216"/>
  <testcase name="checkAddCriterionOnChild" classname="org.libreplan.web.orders.OrderElementTreeModelTest" time="0.194"/>
  <testcase name="checkMoveOrderLineGroupWithAdvanceToOrderLineGroupWithSameAdvance" classname="org.libreplan.web.orders.OrderElementTreeModelTest" time="0.177"/>
  <testcase name="checkChildrenAdvanceIsCreatedAndMarkedAsSpreadInOrder" classname="org.libreplan.web.orders.OrderElementTreeModelTest" time="0.154"/>
  <testcase name="checkUnindentOrderLineWithCriteriaAndAdvances" classname="org.libreplan.web.orders.OrderElementTreeModelTest" time="0.302"/>
  <testcase name="checkMoveOrderGroupLineWithCriterionToOrderLineGroupWithSameCriterion" classname="org.libreplan.web.orders.OrderElementTreeModelTest" time="0.156"/>
  <testcase name="checkAddCriterionOnParent" classname="org.libreplan.web.orders.OrderElementTreeModelTest" time="0.216"/>
  <testcase name="checkMoveOrderLineWithAdvanceToOrderLineInGroupWithSameAdvanceType" classname="org.libreplan.web.orders.OrderElementTreeModelTest" time="0.166"/>
  <testcase name="checkMoveOrderLineGroupWithAdvanceToOrderLineInGroupWithSameAdvance" classname="org.libreplan.web.orders.OrderElementTreeModelTest" time="0.153"/>
  <testcase name="checkMoveOrderLineWithLabelToOrderLineInGroupWithSameLabel" classname="org.libreplan.web.orders.OrderElementTreeModelTest" time="0.148"/>
  <testcase name="checkMoveOrderLineGroupWithCriterionOnChildToOrderLineGroupWithSameCriterion" classname="org.libreplan.web.orders.OrderElementTreeModelTest" time="0.173"/>
  <testcase name="checkMoveOrderLineGroupWithLabelOnChildToOrderLineInGroupWithSameLabel" classname="org.libreplan.web.orders.OrderElementTreeModelTest" time="0.166"/>
  <testcase name="checkMoveOrderLineWithCriterionToOrderLineInGroupWithSameCriterion" classname="org.libreplan.web.orders.OrderElementTreeModelTest" time="0.209"/>
</testsuite>