<?xml version="1.0" encoding="UTF-8"?>
<testsuite name="org.libreplan.web.test.ws.orders.OrderElementServiceTest" time="7.198" tests="34" errors="0" skipped="0" failures="0">
  <properties>
    <property name="java.runtime.name" value="Java(TM) SE Runtime Environment"/>
    <property name="sun.boot.library.path" value="/usr/java/jdk1.8.0_05/jre/lib/amd64"/>
    <property name="java.vm.version" value="25.5-b02"/>
    <property name="java.vm.vendor" value="Oracle Corporation"/>
    <property name="java.vendor.url" value="http://java.oracle.com/"/>
    <property name="path.separator" value=":"/>
    <property name="guice.disable.misplaced.annotation.check" value="true"/>
    <property name="java.vm.name" value="Java HotSpot(TM) 64-Bit Server VM"/>
    <property name="file.encoding.pkg" value="sun.io"/>
    <property name="user.country" value="BR"/>
    <property name="sun.java.launcher" value="SUN_STANDARD"/>
    <property name="sun.os.patch.level" value="unknown"/>
    <property name="java.vm.specification.name" value="Java Virtual Machine Specification"/>
    <property name="user.dir" value="/home/gcordeiro/Freelancer/libreplan"/>
    <property name="java.runtime.version" value="1.8.0_05-b13"/>
    <property name="java.awt.graphicsenv" value="sun.awt.X11GraphicsEnvironment"/>
    <property name="java.endorsed.dirs" value="/usr/java/jdk1.8.0_05/jre/lib/endorsed"/>
    <property name="os.arch" value="amd64"/>
    <property name="java.io.tmpdir" value="/tmp"/>
    <property name="line.separator" value="&#10;"/>
    <property name="java.vm.specification.vendor" value="Oracle Corporation"/>
    <property name="os.name" value="Linux"/>
    <property name="classworlds.conf" value="/usr/share/maven/bin/m2.conf"/>
    <property name="sun.jnu.encoding" value="UTF-8"/>
    <property name="java.library.path" value="/usr/java/packages/lib/amd64:/usr/lib64:/lib64:/lib:/usr/lib"/>
    <property name="java.specification.name" value="Java Platform API Specification"/>
    <property name="java.class.version" value="52.0"/>
    <property name="sun.management.compiler" value="HotSpot 64-Bit Tiered Compilers"/>
    <property name="os.version" value="3.19.3-200.fc21.x86_64"/>
    <property name="user.home" value="/home/gcordeiro"/>
    <property name="user.timezone" value="America/Sao_Paulo"/>
    <property name="java.awt.printerjob" value="sun.print.PSPrinterJob"/>
    <property name="file.encoding" value="UTF-8"/>
    <property name="java.specification.version" value="1.8"/>
    <property name="user.name" value="gcordeiro"/>
    <property name="java.class.path" value="/usr/share/maven/boot/plexus-classworlds.jar"/>
    <property name="org.slf4j.simpleLogger.defaultLogLevel" value="info"/>
    <property name="java.vm.specification.version" value="1.8"/>
    <property name="sun.arch.data.model" value="64"/>
    <property name="java.home" value="/usr/java/jdk1.8.0_05/jre"/>
    <property name="sun.java.command" value="org.codehaus.plexus.classworlds.launcher.Launcher clean install"/>
    <property name="java.specification.vendor" value="Oracle Corporation"/>
    <property name="user.language" value="pt"/>
    <property name="awt.toolkit" value="sun.awt.X11.XToolkit"/>
    <property name="java.vm.info" value="mixed mode"/>
    <property name="java.version" value="1.8.0_05"/>
    <property name="java.ext.dirs" value="/usr/java/jdk1.8.0_05/jre/lib/ext:/usr/java/packages/lib/ext"/>
    <property name="sun.boot.class.path" value="/usr/java/jdk1.8.0_05/jre/lib/resources.jar:/usr/java/jdk1.8.0_05/jre/lib/rt.jar:/usr/java/jdk1.8.0_05/jre/lib/sunrsasign.jar:/usr/java/jdk1.8.0_05/jre/lib/jsse.jar:/usr/java/jdk1.8.0_05/jre/lib/jce.jar:/usr/java/jdk1.8.0_05/jre/lib/charsets.jar:/usr/java/jdk1.8.0_05/jre/lib/jfr.jar:/usr/java/jdk1.8.0_05/jre/classes"/>
    <property name="java.vendor" value="Oracle Corporation"/>
    <property name="maven.home" value="/usr/share/maven"/>
    <property name="file.separator" value="/"/>
    <property name="java.vendor.url.bug" value="http://bugreport.sun.com/bugreport/"/>
    <property name="sun.cpu.endian" value="little"/>
    <property name="sun.io.unicode.encoding" value="UnicodeLittle"/>
    <property name="sun.font.fontmanager" value="sun.awt.X11FontManager"/>
    <property name="sun.desktop" value="gnome"/>
    <property name="sun.cpu.isalist" value=""/>
  </properties>
  <testcase name="validOrderWithAdvanceMeasurements" classname="org.libreplan.web.test.ws.orders.OrderElementServiceTest" time="0.356"/>
  <testcase name="orderWithInvalidOrderLine" classname="org.libreplan.web.test.ws.orders.OrderElementServiceTest" time="0.09"/>
  <testcase name="importDirectCriterionRequirementsAndIndirectCriterionRequirements" classname="org.libreplan.web.test.ws.orders.OrderElementServiceTest" time="0.38"/>
  <testcase name="invalidOrderWithInvalidAdvanceMeasurements" classname="org.libreplan.web.test.ws.orders.OrderElementServiceTest" time="0.081"/>
  <testcase name="orderWithOrderLineGroupWithoutCode" classname="org.libreplan.web.test.ws.orders.OrderElementServiceTest" time="0.069"/>
  <testcase name="updateLabels" classname="org.libreplan.web.test.ws.orders.OrderElementServiceTest" time="0.415"/>
  <testcase name="testCannotExistTwoOrderElementsWithTheSameCode" classname="org.libreplan.web.test.ws.orders.OrderElementServiceTest" time="0.098"/>
  <testcase name="invalidOrderWithoutNameAndInitDate" classname="org.libreplan.web.test.ws.orders.OrderElementServiceTest" time="0.105"/>
  <testcase name="orderWithInvalidMaterialAssignment" classname="org.libreplan.web.test.ws.orders.OrderElementServiceTest" time="0.063"/>
  <testcase name="validOrderWithOrderLine" classname="org.libreplan.web.test.ws.orders.OrderElementServiceTest" time="0.306"/>
  <testcase name="orderWithInvalidMaterialAssignmentWithoutUnitsAndUnitPrice" classname="org.libreplan.web.test.ws.orders.OrderElementServiceTest" time="0.107"/>
  <testcase name="updateCriterionRequirements" classname="org.libreplan.web.test.ws.orders.OrderElementServiceTest" time="0.413"/>
  <testcase name="orderWithOrderLineGroupWithoutHoursGroup" classname="org.libreplan.web.test.ws.orders.OrderElementServiceTest" time="0.089"/>
  <testcase name="validOrderWithOrderLineGroup" classname="org.libreplan.web.test.ws.orders.OrderElementServiceTest" time="0.111"/>
  <testcase name="validOrder" classname="org.libreplan.web.test.ws.orders.OrderElementServiceTest" time="0.102"/>
  <testcase name="invalidOrderWithoutCode" classname="org.libreplan.web.test.ws.orders.OrderElementServiceTest" time="0.091"/>
  <testcase name="invalidOrderWithoutName" classname="org.libreplan.web.test.ws.orders.OrderElementServiceTest" time="0.071"/>
  <testcase name="updateHoursGroup" classname="org.libreplan.web.test.ws.orders.OrderElementServiceTest" time="0.388"/>
  <testcase name="validOrderWithLabel" classname="org.libreplan.web.test.ws.orders.OrderElementServiceTest" time="0.296"/>
  <testcase name="invalidOrderWithoutInitDate" classname="org.libreplan.web.test.ws.orders.OrderElementServiceTest" time="0.073"/>
  <testcase name="orderWithOrderLineWithInvalidHoursGroup" classname="org.libreplan.web.test.ws.orders.OrderElementServiceTest" time="0.107"/>
  <testcase name="orderWithOrderLineWithoutCode" classname="org.libreplan.web.test.ws.orders.OrderElementServiceTest" time="0.064"/>
  <testcase name="validOrderWithMaterialAssignment" classname="org.libreplan.web.test.ws.orders.OrderElementServiceTest" time="0.419"/>
  <testcase name="updateMaterialAssignment" classname="org.libreplan.web.test.ws.orders.OrderElementServiceTest" time="0.462"/>
  <testcase name="orderWithInvalidOrderLineGroup" classname="org.libreplan.web.test.ws.orders.OrderElementServiceTest" time="0.097"/>
  <testcase name="invalidOrderWithoutAttributes" classname="org.libreplan.web.test.ws.orders.OrderElementServiceTest" time="0.128"/>
  <testcase name="orderWithInvalidLabel" classname="org.libreplan.web.test.ws.orders.OrderElementServiceTest" time="0.12"/>
  <testcase name="updateAdvanceMeasurements" classname="org.libreplan.web.test.ws.orders.OrderElementServiceTest" time="0.364"/>
  <testcase name="updateDirectCriterionRequirementsAndIndirectCriterionRequirements" classname="org.libreplan.web.test.ws.orders.OrderElementServiceTest" time="0.394"/>
  <testcase name="testCannotExistTwoHoursGroupWithTheSameCode" classname="org.libreplan.web.test.ws.orders.OrderElementServiceTest" time="0.119"/>
  <testcase name="validOrderWithCriterionRequirements" classname="org.libreplan.web.test.ws.orders.OrderElementServiceTest" time="0.247"/>
  <testcase name="removeOrderElement" classname="org.libreplan.web.test.ws.orders.OrderElementServiceTest" time="0.449"/>
  <testcase name="invalidOrderWithCriterionRequirements" classname="org.libreplan.web.test.ws.orders.OrderElementServiceTest" time="0.142"/>
  <testcase name="validOrderWithDirectCriterionRequirementsAndIndidirectCriterionRequirements" classname="org.libreplan.web.test.ws.orders.OrderElementServiceTest" time="0.382"/>
</testsuite>